2020-04-05 21:43:56.563  INFO 5054 --- [main] com.sipc.catalina.LogTest.LogTest        : Starting LogTest on bogon with PID 5054 (started by ming in /Volumes/disk3/天津理工大学/firstCourse)
2020-04-05 21:43:56.572  INFO 5054 --- [main] com.sipc.catalina.LogTest.LogTest        : No active profile set, falling back to default profiles: default
2020-04-05 21:43:58.324  INFO 5054 --- [main] .s.d.r.c.RepositoryConfigurationDelegate : Bootstrapping Spring Data JPA repositories in DEFAULT mode.
2020-04-05 21:43:58.517  INFO 5054 --- [main] .s.d.r.c.RepositoryConfigurationDelegate : Finished Spring Data repository scanning in 166ms. Found 1 JPA repository interfaces.
2020-04-05 21:44:00.122  INFO 5054 --- [main] o.hibernate.jpa.internal.util.LogHelper  : HHH000204: Processing PersistenceUnitInfo [name: default]
2020-04-05 21:44:00.361  INFO 5054 --- [main] org.hibernate.Version                    : HHH000412: Hibernate ORM core version 5.4.12.Final
2020-04-05 21:44:00.608  INFO 5054 --- [main] o.hibernate.annotations.common.Version   : HCANN000001: Hibernate Commons Annotations {5.1.0.Final}
2020-04-05 21:44:00.914  INFO 5054 --- [main] com.zaxxer.hikari.HikariDataSource       : HikariPool-1 - Starting...
2020-04-05 21:44:01.610  INFO 5054 --- [main] com.zaxxer.hikari.HikariDataSource       : HikariPool-1 - Start completed.
2020-04-05 21:44:01.664  INFO 5054 --- [main] org.hibernate.dialect.Dialect            : HHH000400: Using dialect: org.hibernate.dialect.MySQL57Dialect
2020-04-05 21:44:03.418  INFO 5054 --- [main] o.h.e.t.j.p.i.JtaPlatformInitiator       : HHH000490: Using JtaPlatform implementation: [org.hibernate.engine.transaction.jta.platform.internal.NoJtaPlatform]
2020-04-05 21:44:03.434  INFO 5054 --- [main] j.LocalContainerEntityManagerFactoryBean : Initialized JPA EntityManagerFactory for persistence unit 'default'
2020-04-05 21:44:05.133  WARN 5054 --- [main] JpaBaseConfiguration$JpaWebConfiguration : spring.jpa.open-in-view is enabled by default. Therefore, database queries may be performed during view rendering. Explicitly configure spring.jpa.open-in-view to disable this warning
2020-04-05 21:44:05.768  INFO 5054 --- [main] o.s.s.concurrent.ThreadPoolTaskExecutor  : Initializing ExecutorService 'applicationTaskExecutor'
2020-04-05 21:44:06.242  INFO 5054 --- [main] o.s.b.a.w.s.WelcomePageHandlerMapping    : Adding welcome page template: index
2020-04-05 21:44:06.995  INFO 5054 --- [main] com.sipc.catalina.LogTest.LogTest        : Started LogTest in 11.516 seconds (JVM running for 14.521)
2020-04-05 21:44:07.247  INFO 5054 --- [main] com.sipc.catalina.LogTest.LogTest        : 用户名:admin,密码:987654
2020-04-05 21:44:07.247 ERROR 5054 --- [main] com.sipc.catalina.LogTest.LogTest        : 用户名:admin ,密码:987654 
2020-04-05 21:44:07.289  INFO 5054 --- [SpringContextShutdownHook] o.s.s.concurrent.ThreadPoolTaskExecutor  : Shutting down ExecutorService 'applicationTaskExecutor'
2020-04-05 21:44:07.294  INFO 5054 --- [SpringContextShutdownHook] j.LocalContainerEntityManagerFactoryBean : Closing JPA EntityManagerFactory for persistence unit 'default'
2020-04-05 21:44:07.308  INFO 5054 --- [SpringContextShutdownHook] com.zaxxer.hikari.HikariDataSource       : HikariPool-1 - Shutdown initiated...
2020-04-05 21:44:07.327  INFO 5054 --- [SpringContextShutdownHook] com.zaxxer.hikari.HikariDataSource       : HikariPool-1 - Shutdown completed.
2020-04-05 21:46:48.781 ERROR 5068 --- [main] o.s.boot.SpringApplication               : Application run failed

org.springframework.boot.context.properties.bind.BindException: Failed to bind properties under 'logging.level' to java.util.Map<java.lang.String, org.springframework.boot.logging.LogLevel>
	at org.springframework.boot.context.properties.bind.Binder.handleBindError(Binder.java:364) ~[spring-boot-2.2.5.RELEASE.jar:2.2.5.RELEASE]
	at org.springframework.boot.context.properties.bind.Binder.bind(Binder.java:324) ~[spring-boot-2.2.5.RELEASE.jar:2.2.5.RELEASE]
	at org.springframework.boot.context.properties.bind.Binder.bind(Binder.java:308) ~[spring-boot-2.2.5.RELEASE.jar:2.2.5.RELEASE]
	at org.springframework.boot.context.properties.bind.Binder.bind(Binder.java:238) ~[spring-boot-2.2.5.RELEASE.jar:2.2.5.RELEASE]
	at org.springframework.boot.context.properties.bind.Binder.bind(Binder.java:212) ~[spring-boot-2.2.5.RELEASE.jar:2.2.5.RELEASE]
	at org.springframework.boot.context.logging.LoggingApplicationListener.setLogLevels(LoggingApplicationListener.java:398) ~[spring-boot-2.2.5.RELEASE.jar:2.2.5.RELEASE]
	at org.springframework.boot.context.logging.LoggingApplicationListener.initializeFinalLoggingLevels(LoggingApplicationListener.java:338) ~[spring-boot-2.2.5.RELEASE.jar:2.2.5.RELEASE]
	at org.springframework.boot.context.logging.LoggingApplicationListener.initialize(LoggingApplicationListener.java:289) ~[spring-boot-2.2.5.RELEASE.jar:2.2.5.RELEASE]
	at org.springframework.boot.context.logging.LoggingApplicationListener.onApplicationEnvironmentPreparedEvent(LoggingApplicationListener.java:246) ~[spring-boot-2.2.5.RELEASE.jar:2.2.5.RELEASE]
	at org.springframework.boot.context.logging.LoggingApplicationListener.onApplicationEvent(LoggingApplicationListener.java:223) ~[spring-boot-2.2.5.RELEASE.jar:2.2.5.RELEASE]
	at org.springframework.context.event.SimpleApplicationEventMulticaster.doInvokeListener(SimpleApplicationEventMulticaster.java:172) ~[spring-context-5.2.4.RELEASE.jar:5.2.4.RELEASE]
	at org.springframework.context.event.SimpleApplicationEventMulticaster.invokeListener(SimpleApplicationEventMulticaster.java:165) ~[spring-context-5.2.4.RELEASE.jar:5.2.4.RELEASE]
	at org.springframework.context.event.SimpleApplicationEventMulticaster.multicastEvent(SimpleApplicationEventMulticaster.java:139) ~[spring-context-5.2.4.RELEASE.jar:5.2.4.RELEASE]
	at org.springframework.context.event.SimpleApplicationEventMulticaster.multicastEvent(SimpleApplicationEventMulticaster.java:127) ~[spring-context-5.2.4.RELEASE.jar:5.2.4.RELEASE]
	at org.springframework.boot.context.event.EventPublishingRunListener.environmentPrepared(EventPublishingRunListener.java:76) ~[spring-boot-2.2.5.RELEASE.jar:2.2.5.RELEASE]
	at org.springframework.boot.SpringApplicationRunListeners.environmentPrepared(SpringApplicationRunListeners.java:53) ~[spring-boot-2.2.5.RELEASE.jar:2.2.5.RELEASE]
	at org.springframework.boot.SpringApplication.prepareEnvironment(SpringApplication.java:345) ~[spring-boot-2.2.5.RELEASE.jar:2.2.5.RELEASE]
	at org.springframework.boot.SpringApplication.run(SpringApplication.java:308) ~[spring-boot-2.2.5.RELEASE.jar:2.2.5.RELEASE]
	at org.springframework.boot.test.context.SpringBootContextLoader.loadContext(SpringBootContextLoader.java:126) [spring-boot-test-2.2.5.RELEASE.jar:2.2.5.RELEASE]
	at org.springframework.test.context.cache.DefaultCacheAwareContextLoaderDelegate.loadContextInternal(DefaultCacheAwareContextLoaderDelegate.java:99) [spring-test-5.2.4.RELEASE.jar:5.2.4.RELEASE]
	at org.springframework.test.context.cache.DefaultCacheAwareContextLoaderDelegate.loadContext(DefaultCacheAwareContextLoaderDelegate.java:124) [spring-test-5.2.4.RELEASE.jar:5.2.4.RELEASE]
	at org.springframework.test.context.support.DefaultTestContext.getApplicationContext(DefaultTestContext.java:123) [spring-test-5.2.4.RELEASE.jar:5.2.4.RELEASE]
	at org.springframework.test.context.web.ServletTestExecutionListener.setUpRequestContextIfNecessary(ServletTestExecutionListener.java:190) [spring-test-5.2.4.RELEASE.jar:5.2.4.RELEASE]
	at org.springframework.test.context.web.ServletTestExecutionListener.prepareTestInstance(ServletTestExecutionListener.java:132) [spring-test-5.2.4.RELEASE.jar:5.2.4.RELEASE]
	at org.springframework.test.context.TestContextManager.prepareTestInstance(TestContextManager.java:244) [spring-test-5.2.4.RELEASE.jar:5.2.4.RELEASE]
	at org.springframework.test.context.junit4.SpringJUnit4ClassRunner.createTest(SpringJUnit4ClassRunner.java:227) [spring-test-5.2.4.RELEASE.jar:5.2.4.RELEASE]
	at org.springframework.test.context.junit4.SpringJUnit4ClassRunner$1.runReflectiveCall(SpringJUnit4ClassRunner.java:289) [spring-test-5.2.4.RELEASE.jar:5.2.4.RELEASE]
	at org.junit.internal.runners.model.ReflectiveCallable.run(ReflectiveCallable.java:12) [junit-4.12.jar:4.12]
	at org.springframework.test.context.junit4.SpringJUnit4ClassRunner.methodBlock(SpringJUnit4ClassRunner.java:291) [spring-test-5.2.4.RELEASE.jar:5.2.4.RELEASE]
	at org.springframework.test.context.junit4.SpringJUnit4ClassRunner.runChild(SpringJUnit4ClassRunner.java:246) [spring-test-5.2.4.RELEASE.jar:5.2.4.RELEASE]
	at org.springframework.test.context.junit4.SpringJUnit4ClassRunner.runChild(SpringJUnit4ClassRunner.java:97) [spring-test-5.2.4.RELEASE.jar:5.2.4.RELEASE]
	at org.junit.runners.ParentRunner$3.run(ParentRunner.java:290) [junit-4.12.jar:4.12]
	at org.junit.runners.ParentRunner$1.schedule(ParentRunner.java:71) [junit-4.12.jar:4.12]
	at org.junit.runners.ParentRunner.runChildren(ParentRunner.java:288) [junit-4.12.jar:4.12]
	at org.junit.runners.ParentRunner.access$000(ParentRunner.java:58) [junit-4.12.jar:4.12]
	at org.junit.runners.ParentRunner$2.evaluate(ParentRunner.java:268) [junit-4.12.jar:4.12]
	at org.springframework.test.context.junit4.statements.RunBeforeTestClassCallbacks.evaluate(RunBeforeTestClassCallbacks.java:61) [spring-test-5.2.4.RELEASE.jar:5.2.4.RELEASE]
	at org.springframework.test.context.junit4.statements.RunAfterTestClassCallbacks.evaluate(RunAfterTestClassCallbacks.java:70) [spring-test-5.2.4.RELEASE.jar:5.2.4.RELEASE]
	at org.junit.runners.ParentRunner.run(ParentRunner.java:363) [junit-4.12.jar:4.12]
	at org.springframework.test.context.junit4.SpringJUnit4ClassRunner.run(SpringJUnit4ClassRunner.java:190) [spring-test-5.2.4.RELEASE.jar:5.2.4.RELEASE]
	at org.junit.runner.JUnitCore.run(JUnitCore.java:137) [junit-4.12.jar:4.12]
	at com.intellij.junit4.JUnit4IdeaTestRunner.startRunnerWithArgs(JUnit4IdeaTestRunner.java:68) [junit-rt.jar:na]
	at com.intellij.rt.execution.junit.IdeaTestRunner$Repeater.startRunnerWithArgs(IdeaTestRunner.java:47) [junit-rt.jar:na]
	at com.intellij.rt.execution.junit.JUnitStarter.prepareStreamsAndStart(JUnitStarter.java:242) [junit-rt.jar:na]
	at com.intellij.rt.execution.junit.JUnitStarter.main(JUnitStarter.java:70) [junit-rt.jar:na]
Caused by: org.springframework.core.convert.ConverterNotFoundException: No converter found capable of converting from type [java.lang.String] to type [java.util.Map<java.lang.String, org.springframework.boot.logging.LogLevel>]
	at org.springframework.core.convert.support.GenericConversionService.handleConverterNotFound(GenericConversionService.java:321) ~[spring-core-5.2.4.RELEASE.jar:5.2.4.RELEASE]
	at org.springframework.core.convert.support.GenericConversionService.convert(GenericConversionService.java:194) ~[spring-core-5.2.4.RELEASE.jar:5.2.4.RELEASE]
	at org.springframework.boot.context.properties.bind.BindConverter$CompositeConversionService.convert(BindConverter.java:170) ~[spring-boot-2.2.5.RELEASE.jar:2.2.5.RELEASE]
	at org.springframework.boot.context.properties.bind.BindConverter.convert(BindConverter.java:96) ~[spring-boot-2.2.5.RELEASE.jar:2.2.5.RELEASE]
	at org.springframework.boot.context.properties.bind.BindConverter.convert(BindConverter.java:88) ~[spring-boot-2.2.5.RELEASE.jar:2.2.5.RELEASE]
	at org.springframework.boot.context.properties.bind.MapBinder.bindAggregate(MapBinder.java:64) ~[spring-boot-2.2.5.RELEASE.jar:2.2.5.RELEASE]
	at org.springframework.boot.context.properties.bind.AggregateBinder.bind(AggregateBinder.java:56) ~[spring-boot-2.2.5.RELEASE.jar:2.2.5.RELEASE]
	at org.springframework.boot.context.properties.bind.Binder.lambda$bindAggregate$3(Binder.java:415) ~[spring-boot-2.2.5.RELEASE.jar:2.2.5.RELEASE]
	at org.springframework.boot.context.properties.bind.Binder$Context.withIncreasedDepth(Binder.java:572) ~[spring-boot-2.2.5.RELEASE.jar:2.2.5.RELEASE]
	at org.springframework.boot.context.properties.bind.Binder$Context.access$100(Binder.java:513) ~[spring-boot-2.2.5.RELEASE.jar:2.2.5.RELEASE]
	at org.springframework.boot.context.properties.bind.Binder.bindAggregate(Binder.java:415) ~[spring-boot-2.2.5.RELEASE.jar:2.2.5.RELEASE]
	at org.springframework.boot.context.properties.bind.Binder.bindObject(Binder.java:376) ~[spring-boot-2.2.5.RELEASE.jar:2.2.5.RELEASE]
	at org.springframework.boot.context.properties.bind.Binder.bind(Binder.java:320) ~[spring-boot-2.2.5.RELEASE.jar:2.2.5.RELEASE]
	... 43 common frames omitted

2020-04-05 21:46:48.788 ERROR 5068 --- [main] o.s.test.context.TestContextManager      : Caught exception while allowing TestExecutionListener [org.springframework.test.context.web.ServletTestExecutionListener@6f1de4c7] to prepare test instance [com.sipc.catalina.LogTest.LogTest@28194a50]

java.lang.IllegalStateException: Failed to load ApplicationContext
	at org.springframework.test.context.cache.DefaultCacheAwareContextLoaderDelegate.loadContext(DefaultCacheAwareContextLoaderDelegate.java:132) ~[spring-test-5.2.4.RELEASE.jar:5.2.4.RELEASE]
	at org.springframework.test.context.support.DefaultTestContext.getApplicationContext(DefaultTestContext.java:123) ~[spring-test-5.2.4.RELEASE.jar:5.2.4.RELEASE]
	at org.springframework.test.context.web.ServletTestExecutionListener.setUpRequestContextIfNecessary(ServletTestExecutionListener.java:190) ~[spring-test-5.2.4.RELEASE.jar:5.2.4.RELEASE]
	at org.springframework.test.context.web.ServletTestExecutionListener.prepareTestInstance(ServletTestExecutionListener.java:132) ~[spring-test-5.2.4.RELEASE.jar:5.2.4.RELEASE]
	at org.springframework.test.context.TestContextManager.prepareTestInstance(TestContextManager.java:244) ~[spring-test-5.2.4.RELEASE.jar:5.2.4.RELEASE]
	at org.springframework.test.context.junit4.SpringJUnit4ClassRunner.createTest(SpringJUnit4ClassRunner.java:227) [spring-test-5.2.4.RELEASE.jar:5.2.4.RELEASE]
	at org.springframework.test.context.junit4.SpringJUnit4ClassRunner$1.runReflectiveCall(SpringJUnit4ClassRunner.java:289) [spring-test-5.2.4.RELEASE.jar:5.2.4.RELEASE]
	at org.junit.internal.runners.model.ReflectiveCallable.run(ReflectiveCallable.java:12) [junit-4.12.jar:4.12]
	at org.springframework.test.context.junit4.SpringJUnit4ClassRunner.methodBlock(SpringJUnit4ClassRunner.java:291) [spring-test-5.2.4.RELEASE.jar:5.2.4.RELEASE]
	at org.springframework.test.context.junit4.SpringJUnit4ClassRunner.runChild(SpringJUnit4ClassRunner.java:246) [spring-test-5.2.4.RELEASE.jar:5.2.4.RELEASE]
	at org.springframework.test.context.junit4.SpringJUnit4ClassRunner.runChild(SpringJUnit4ClassRunner.java:97) [spring-test-5.2.4.RELEASE.jar:5.2.4.RELEASE]
	at org.junit.runners.ParentRunner$3.run(ParentRunner.java:290) [junit-4.12.jar:4.12]
	at org.junit.runners.ParentRunner$1.schedule(ParentRunner.java:71) [junit-4.12.jar:4.12]
	at org.junit.runners.ParentRunner.runChildren(ParentRunner.java:288) [junit-4.12.jar:4.12]
	at org.junit.runners.ParentRunner.access$000(ParentRunner.java:58) [junit-4.12.jar:4.12]
	at org.junit.runners.ParentRunner$2.evaluate(ParentRunner.java:268) [junit-4.12.jar:4.12]
	at org.springframework.test.context.junit4.statements.RunBeforeTestClassCallbacks.evaluate(RunBeforeTestClassCallbacks.java:61) [spring-test-5.2.4.RELEASE.jar:5.2.4.RELEASE]
	at org.springframework.test.context.junit4.statements.RunAfterTestClassCallbacks.evaluate(RunAfterTestClassCallbacks.java:70) [spring-test-5.2.4.RELEASE.jar:5.2.4.RELEASE]
	at org.junit.runners.ParentRunner.run(ParentRunner.java:363) [junit-4.12.jar:4.12]
	at org.springframework.test.context.junit4.SpringJUnit4ClassRunner.run(SpringJUnit4ClassRunner.java:190) [spring-test-5.2.4.RELEASE.jar:5.2.4.RELEASE]
	at org.junit.runner.JUnitCore.run(JUnitCore.java:137) [junit-4.12.jar:4.12]
	at com.intellij.junit4.JUnit4IdeaTestRunner.startRunnerWithArgs(JUnit4IdeaTestRunner.java:68) [junit-rt.jar:na]
	at com.intellij.rt.execution.junit.IdeaTestRunner$Repeater.startRunnerWithArgs(IdeaTestRunner.java:47) [junit-rt.jar:na]
	at com.intellij.rt.execution.junit.JUnitStarter.prepareStreamsAndStart(JUnitStarter.java:242) [junit-rt.jar:na]
	at com.intellij.rt.execution.junit.JUnitStarter.main(JUnitStarter.java:70) [junit-rt.jar:na]
Caused by: org.springframework.boot.context.properties.bind.BindException: Failed to bind properties under 'logging.level' to java.util.Map<java.lang.String, org.springframework.boot.logging.LogLevel>
	at org.springframework.boot.context.properties.bind.Binder.handleBindError(Binder.java:364) ~[spring-boot-2.2.5.RELEASE.jar:2.2.5.RELEASE]
	at org.springframework.boot.context.properties.bind.Binder.bind(Binder.java:324) ~[spring-boot-2.2.5.RELEASE.jar:2.2.5.RELEASE]
	at org.springframework.boot.context.properties.bind.Binder.bind(Binder.java:308) ~[spring-boot-2.2.5.RELEASE.jar:2.2.5.RELEASE]
	at org.springframework.boot.context.properties.bind.Binder.bind(Binder.java:238) ~[spring-boot-2.2.5.RELEASE.jar:2.2.5.RELEASE]
	at org.springframework.boot.context.properties.bind.Binder.bind(Binder.java:212) ~[spring-boot-2.2.5.RELEASE.jar:2.2.5.RELEASE]
	at org.springframework.boot.context.logging.LoggingApplicationListener.setLogLevels(LoggingApplicationListener.java:398) ~[spring-boot-2.2.5.RELEASE.jar:2.2.5.RELEASE]
	at org.springframework.boot.context.logging.LoggingApplicationListener.initializeFinalLoggingLevels(LoggingApplicationListener.java:338) ~[spring-boot-2.2.5.RELEASE.jar:2.2.5.RELEASE]
	at org.springframework.boot.context.logging.LoggingApplicationListener.initialize(LoggingApplicationListener.java:289) ~[spring-boot-2.2.5.RELEASE.jar:2.2.5.RELEASE]
	at org.springframework.boot.context.logging.LoggingApplicationListener.onApplicationEnvironmentPreparedEvent(LoggingApplicationListener.java:246) ~[spring-boot-2.2.5.RELEASE.jar:2.2.5.RELEASE]
	at org.springframework.boot.context.logging.LoggingApplicationListener.onApplicationEvent(LoggingApplicationListener.java:223) ~[spring-boot-2.2.5.RELEASE.jar:2.2.5.RELEASE]
	at org.springframework.context.event.SimpleApplicationEventMulticaster.doInvokeListener(SimpleApplicationEventMulticaster.java:172) ~[spring-context-5.2.4.RELEASE.jar:5.2.4.RELEASE]
	at org.springframework.context.event.SimpleApplicationEventMulticaster.invokeListener(SimpleApplicationEventMulticaster.java:165) ~[spring-context-5.2.4.RELEASE.jar:5.2.4.RELEASE]
	at org.springframework.context.event.SimpleApplicationEventMulticaster.multicastEvent(SimpleApplicationEventMulticaster.java:139) ~[spring-context-5.2.4.RELEASE.jar:5.2.4.RELEASE]
	at org.springframework.context.event.SimpleApplicationEventMulticaster.multicastEvent(SimpleApplicationEventMulticaster.java:127) ~[spring-context-5.2.4.RELEASE.jar:5.2.4.RELEASE]
	at org.springframework.boot.context.event.EventPublishingRunListener.environmentPrepared(EventPublishingRunListener.java:76) ~[spring-boot-2.2.5.RELEASE.jar:2.2.5.RELEASE]
	at org.springframework.boot.SpringApplicationRunListeners.environmentPrepared(SpringApplicationRunListeners.java:53) ~[spring-boot-2.2.5.RELEASE.jar:2.2.5.RELEASE]
	at org.springframework.boot.SpringApplication.prepareEnvironment(SpringApplication.java:345) ~[spring-boot-2.2.5.RELEASE.jar:2.2.5.RELEASE]
	at org.springframework.boot.SpringApplication.run(SpringApplication.java:308) ~[spring-boot-2.2.5.RELEASE.jar:2.2.5.RELEASE]
	at org.springframework.boot.test.context.SpringBootContextLoader.loadContext(SpringBootContextLoader.java:126) ~[spring-boot-test-2.2.5.RELEASE.jar:2.2.5.RELEASE]
	at org.springframework.test.context.cache.DefaultCacheAwareContextLoaderDelegate.loadContextInternal(DefaultCacheAwareContextLoaderDelegate.java:99) ~[spring-test-5.2.4.RELEASE.jar:5.2.4.RELEASE]
	at org.springframework.test.context.cache.DefaultCacheAwareContextLoaderDelegate.loadContext(DefaultCacheAwareContextLoaderDelegate.java:124) ~[spring-test-5.2.4.RELEASE.jar:5.2.4.RELEASE]
	... 24 common frames omitted
Caused by: org.springframework.core.convert.ConverterNotFoundException: No converter found capable of converting from type [java.lang.String] to type [java.util.Map<java.lang.String, org.springframework.boot.logging.LogLevel>]
	at org.springframework.core.convert.support.GenericConversionService.handleConverterNotFound(GenericConversionService.java:321) ~[spring-core-5.2.4.RELEASE.jar:5.2.4.RELEASE]
	at org.springframework.core.convert.support.GenericConversionService.convert(GenericConversionService.java:194) ~[spring-core-5.2.4.RELEASE.jar:5.2.4.RELEASE]
	at org.springframework.boot.context.properties.bind.BindConverter$CompositeConversionService.convert(BindConverter.java:170) ~[spring-boot-2.2.5.RELEASE.jar:2.2.5.RELEASE]
	at org.springframework.boot.context.properties.bind.BindConverter.convert(BindConverter.java:96) ~[spring-boot-2.2.5.RELEASE.jar:2.2.5.RELEASE]
	at org.springframework.boot.context.properties.bind.BindConverter.convert(BindConverter.java:88) ~[spring-boot-2.2.5.RELEASE.jar:2.2.5.RELEASE]
	at org.springframework.boot.context.properties.bind.MapBinder.bindAggregate(MapBinder.java:64) ~[spring-boot-2.2.5.RELEASE.jar:2.2.5.RELEASE]
	at org.springframework.boot.context.properties.bind.AggregateBinder.bind(AggregateBinder.java:56) ~[spring-boot-2.2.5.RELEASE.jar:2.2.5.RELEASE]
	at org.springframework.boot.context.properties.bind.Binder.lambda$bindAggregate$3(Binder.java:415) ~[spring-boot-2.2.5.RELEASE.jar:2.2.5.RELEASE]
	at org.springframework.boot.context.properties.bind.Binder$Context.withIncreasedDepth(Binder.java:572) ~[spring-boot-2.2.5.RELEASE.jar:2.2.5.RELEASE]
	at org.springframework.boot.context.properties.bind.Binder$Context.access$100(Binder.java:513) ~[spring-boot-2.2.5.RELEASE.jar:2.2.5.RELEASE]
	at org.springframework.boot.context.properties.bind.Binder.bindAggregate(Binder.java:415) ~[spring-boot-2.2.5.RELEASE.jar:2.2.5.RELEASE]
	at org.springframework.boot.context.properties.bind.Binder.bindObject(Binder.java:376) ~[spring-boot-2.2.5.RELEASE.jar:2.2.5.RELEASE]
	at org.springframework.boot.context.properties.bind.Binder.bind(Binder.java:320) ~[spring-boot-2.2.5.RELEASE.jar:2.2.5.RELEASE]
	... 43 common frames omitted

2020-04-05 21:47:31.250 ERROR 5070 --- [main] o.s.boot.SpringApplication               : Application run failed

org.springframework.boot.context.properties.bind.BindException: Failed to bind properties under 'logging.level' to java.util.Map<java.lang.String, org.springframework.boot.logging.LogLevel>
	at org.springframework.boot.context.properties.bind.Binder.handleBindError(Binder.java:364) ~[spring-boot-2.2.5.RELEASE.jar:2.2.5.RELEASE]
	at org.springframework.boot.context.properties.bind.Binder.bind(Binder.java:324) ~[spring-boot-2.2.5.RELEASE.jar:2.2.5.RELEASE]
	at org.springframework.boot.context.properties.bind.Binder.bind(Binder.java:308) ~[spring-boot-2.2.5.RELEASE.jar:2.2.5.RELEASE]
	at org.springframework.boot.context.properties.bind.Binder.bind(Binder.java:238) ~[spring-boot-2.2.5.RELEASE.jar:2.2.5.RELEASE]
	at org.springframework.boot.context.properties.bind.Binder.bind(Binder.java:212) ~[spring-boot-2.2.5.RELEASE.jar:2.2.5.RELEASE]
	at org.springframework.boot.context.logging.LoggingApplicationListener.setLogLevels(LoggingApplicationListener.java:398) ~[spring-boot-2.2.5.RELEASE.jar:2.2.5.RELEASE]
	at org.springframework.boot.context.logging.LoggingApplicationListener.initializeFinalLoggingLevels(LoggingApplicationListener.java:338) ~[spring-boot-2.2.5.RELEASE.jar:2.2.5.RELEASE]
	at org.springframework.boot.context.logging.LoggingApplicationListener.initialize(LoggingApplicationListener.java:289) ~[spring-boot-2.2.5.RELEASE.jar:2.2.5.RELEASE]
	at org.springframework.boot.context.logging.LoggingApplicationListener.onApplicationEnvironmentPreparedEvent(LoggingApplicationListener.java:246) ~[spring-boot-2.2.5.RELEASE.jar:2.2.5.RELEASE]
	at org.springframework.boot.context.logging.LoggingApplicationListener.onApplicationEvent(LoggingApplicationListener.java:223) ~[spring-boot-2.2.5.RELEASE.jar:2.2.5.RELEASE]
	at org.springframework.context.event.SimpleApplicationEventMulticaster.doInvokeListener(SimpleApplicationEventMulticaster.java:172) ~[spring-context-5.2.4.RELEASE.jar:5.2.4.RELEASE]
	at org.springframework.context.event.SimpleApplicationEventMulticaster.invokeListener(SimpleApplicationEventMulticaster.java:165) ~[spring-context-5.2.4.RELEASE.jar:5.2.4.RELEASE]
	at org.springframework.context.event.SimpleApplicationEventMulticaster.multicastEvent(SimpleApplicationEventMulticaster.java:139) ~[spring-context-5.2.4.RELEASE.jar:5.2.4.RELEASE]
	at org.springframework.context.event.SimpleApplicationEventMulticaster.multicastEvent(SimpleApplicationEventMulticaster.java:127) ~[spring-context-5.2.4.RELEASE.jar:5.2.4.RELEASE]
	at org.springframework.boot.context.event.EventPublishingRunListener.environmentPrepared(EventPublishingRunListener.java:76) ~[spring-boot-2.2.5.RELEASE.jar:2.2.5.RELEASE]
	at org.springframework.boot.SpringApplicationRunListeners.environmentPrepared(SpringApplicationRunListeners.java:53) ~[spring-boot-2.2.5.RELEASE.jar:2.2.5.RELEASE]
	at org.springframework.boot.SpringApplication.prepareEnvironment(SpringApplication.java:345) ~[spring-boot-2.2.5.RELEASE.jar:2.2.5.RELEASE]
	at org.springframework.boot.SpringApplication.run(SpringApplication.java:308) ~[spring-boot-2.2.5.RELEASE.jar:2.2.5.RELEASE]
	at org.springframework.boot.test.context.SpringBootContextLoader.loadContext(SpringBootContextLoader.java:126) [spring-boot-test-2.2.5.RELEASE.jar:2.2.5.RELEASE]
	at org.springframework.test.context.cache.DefaultCacheAwareContextLoaderDelegate.loadContextInternal(DefaultCacheAwareContextLoaderDelegate.java:99) [spring-test-5.2.4.RELEASE.jar:5.2.4.RELEASE]
	at org.springframework.test.context.cache.DefaultCacheAwareContextLoaderDelegate.loadContext(DefaultCacheAwareContextLoaderDelegate.java:124) [spring-test-5.2.4.RELEASE.jar:5.2.4.RELEASE]
	at org.springframework.test.context.support.DefaultTestContext.getApplicationContext(DefaultTestContext.java:123) [spring-test-5.2.4.RELEASE.jar:5.2.4.RELEASE]
	at org.springframework.test.context.web.ServletTestExecutionListener.setUpRequestContextIfNecessary(ServletTestExecutionListener.java:190) [spring-test-5.2.4.RELEASE.jar:5.2.4.RELEASE]
	at org.springframework.test.context.web.ServletTestExecutionListener.prepareTestInstance(ServletTestExecutionListener.java:132) [spring-test-5.2.4.RELEASE.jar:5.2.4.RELEASE]
	at org.springframework.test.context.TestContextManager.prepareTestInstance(TestContextManager.java:244) [spring-test-5.2.4.RELEASE.jar:5.2.4.RELEASE]
	at org.springframework.test.context.junit4.SpringJUnit4ClassRunner.createTest(SpringJUnit4ClassRunner.java:227) [spring-test-5.2.4.RELEASE.jar:5.2.4.RELEASE]
	at org.springframework.test.context.junit4.SpringJUnit4ClassRunner$1.runReflectiveCall(SpringJUnit4ClassRunner.java:289) [spring-test-5.2.4.RELEASE.jar:5.2.4.RELEASE]
	at org.junit.internal.runners.model.ReflectiveCallable.run(ReflectiveCallable.java:12) [junit-4.12.jar:4.12]
	at org.springframework.test.context.junit4.SpringJUnit4ClassRunner.methodBlock(SpringJUnit4ClassRunner.java:291) [spring-test-5.2.4.RELEASE.jar:5.2.4.RELEASE]
	at org.springframework.test.context.junit4.SpringJUnit4ClassRunner.runChild(SpringJUnit4ClassRunner.java:246) [spring-test-5.2.4.RELEASE.jar:5.2.4.RELEASE]
	at org.springframework.test.context.junit4.SpringJUnit4ClassRunner.runChild(SpringJUnit4ClassRunner.java:97) [spring-test-5.2.4.RELEASE.jar:5.2.4.RELEASE]
	at org.junit.runners.ParentRunner$3.run(ParentRunner.java:290) [junit-4.12.jar:4.12]
	at org.junit.runners.ParentRunner$1.schedule(ParentRunner.java:71) [junit-4.12.jar:4.12]
	at org.junit.runners.ParentRunner.runChildren(ParentRunner.java:288) [junit-4.12.jar:4.12]
	at org.junit.runners.ParentRunner.access$000(ParentRunner.java:58) [junit-4.12.jar:4.12]
	at org.junit.runners.ParentRunner$2.evaluate(ParentRunner.java:268) [junit-4.12.jar:4.12]
	at org.springframework.test.context.junit4.statements.RunBeforeTestClassCallbacks.evaluate(RunBeforeTestClassCallbacks.java:61) [spring-test-5.2.4.RELEASE.jar:5.2.4.RELEASE]
	at org.springframework.test.context.junit4.statements.RunAfterTestClassCallbacks.evaluate(RunAfterTestClassCallbacks.java:70) [spring-test-5.2.4.RELEASE.jar:5.2.4.RELEASE]
	at org.junit.runners.ParentRunner.run(ParentRunner.java:363) [junit-4.12.jar:4.12]
	at org.springframework.test.context.junit4.SpringJUnit4ClassRunner.run(SpringJUnit4ClassRunner.java:190) [spring-test-5.2.4.RELEASE.jar:5.2.4.RELEASE]
	at org.junit.runner.JUnitCore.run(JUnitCore.java:137) [junit-4.12.jar:4.12]
	at com.intellij.junit4.JUnit4IdeaTestRunner.startRunnerWithArgs(JUnit4IdeaTestRunner.java:68) [junit-rt.jar:na]
	at com.intellij.rt.execution.junit.IdeaTestRunner$Repeater.startRunnerWithArgs(IdeaTestRunner.java:47) [junit-rt.jar:na]
	at com.intellij.rt.execution.junit.JUnitStarter.prepareStreamsAndStart(JUnitStarter.java:242) [junit-rt.jar:na]
	at com.intellij.rt.execution.junit.JUnitStarter.main(JUnitStarter.java:70) [junit-rt.jar:na]
Caused by: org.springframework.core.convert.ConverterNotFoundException: No converter found capable of converting from type [java.lang.String] to type [java.util.Map<java.lang.String, org.springframework.boot.logging.LogLevel>]
	at org.springframework.core.convert.support.GenericConversionService.handleConverterNotFound(GenericConversionService.java:321) ~[spring-core-5.2.4.RELEASE.jar:5.2.4.RELEASE]
	at org.springframework.core.convert.support.GenericConversionService.convert(GenericConversionService.java:194) ~[spring-core-5.2.4.RELEASE.jar:5.2.4.RELEASE]
	at org.springframework.boot.context.properties.bind.BindConverter$CompositeConversionService.convert(BindConverter.java:170) ~[spring-boot-2.2.5.RELEASE.jar:2.2.5.RELEASE]
	at org.springframework.boot.context.properties.bind.BindConverter.convert(BindConverter.java:96) ~[spring-boot-2.2.5.RELEASE.jar:2.2.5.RELEASE]
	at org.springframework.boot.context.properties.bind.BindConverter.convert(BindConverter.java:88) ~[spring-boot-2.2.5.RELEASE.jar:2.2.5.RELEASE]
	at org.springframework.boot.context.properties.bind.MapBinder.bindAggregate(MapBinder.java:64) ~[spring-boot-2.2.5.RELEASE.jar:2.2.5.RELEASE]
	at org.springframework.boot.context.properties.bind.AggregateBinder.bind(AggregateBinder.java:56) ~[spring-boot-2.2.5.RELEASE.jar:2.2.5.RELEASE]
	at org.springframework.boot.context.properties.bind.Binder.lambda$bindAggregate$3(Binder.java:415) ~[spring-boot-2.2.5.RELEASE.jar:2.2.5.RELEASE]
	at org.springframework.boot.context.properties.bind.Binder$Context.withIncreasedDepth(Binder.java:572) ~[spring-boot-2.2.5.RELEASE.jar:2.2.5.RELEASE]
	at org.springframework.boot.context.properties.bind.Binder$Context.access$100(Binder.java:513) ~[spring-boot-2.2.5.RELEASE.jar:2.2.5.RELEASE]
	at org.springframework.boot.context.properties.bind.Binder.bindAggregate(Binder.java:415) ~[spring-boot-2.2.5.RELEASE.jar:2.2.5.RELEASE]
	at org.springframework.boot.context.properties.bind.Binder.bindObject(Binder.java:376) ~[spring-boot-2.2.5.RELEASE.jar:2.2.5.RELEASE]
	at org.springframework.boot.context.properties.bind.Binder.bind(Binder.java:320) ~[spring-boot-2.2.5.RELEASE.jar:2.2.5.RELEASE]
	... 43 common frames omitted

2020-04-05 21:47:31.259 ERROR 5070 --- [main] o.s.test.context.TestContextManager      : Caught exception while allowing TestExecutionListener [org.springframework.test.context.web.ServletTestExecutionListener@6f1de4c7] to prepare test instance [com.sipc.catalina.LogTest.LogTest@28194a50]

java.lang.IllegalStateException: Failed to load ApplicationContext
	at org.springframework.test.context.cache.DefaultCacheAwareContextLoaderDelegate.loadContext(DefaultCacheAwareContextLoaderDelegate.java:132) ~[spring-test-5.2.4.RELEASE.jar:5.2.4.RELEASE]
	at org.springframework.test.context.support.DefaultTestContext.getApplicationContext(DefaultTestContext.java:123) ~[spring-test-5.2.4.RELEASE.jar:5.2.4.RELEASE]
	at org.springframework.test.context.web.ServletTestExecutionListener.setUpRequestContextIfNecessary(ServletTestExecutionListener.java:190) ~[spring-test-5.2.4.RELEASE.jar:5.2.4.RELEASE]
	at org.springframework.test.context.web.ServletTestExecutionListener.prepareTestInstance(ServletTestExecutionListener.java:132) ~[spring-test-5.2.4.RELEASE.jar:5.2.4.RELEASE]
	at org.springframework.test.context.TestContextManager.prepareTestInstance(TestContextManager.java:244) ~[spring-test-5.2.4.RELEASE.jar:5.2.4.RELEASE]
	at org.springframework.test.context.junit4.SpringJUnit4ClassRunner.createTest(SpringJUnit4ClassRunner.java:227) [spring-test-5.2.4.RELEASE.jar:5.2.4.RELEASE]
	at org.springframework.test.context.junit4.SpringJUnit4ClassRunner$1.runReflectiveCall(SpringJUnit4ClassRunner.java:289) [spring-test-5.2.4.RELEASE.jar:5.2.4.RELEASE]
	at org.junit.internal.runners.model.ReflectiveCallable.run(ReflectiveCallable.java:12) [junit-4.12.jar:4.12]
	at org.springframework.test.context.junit4.SpringJUnit4ClassRunner.methodBlock(SpringJUnit4ClassRunner.java:291) [spring-test-5.2.4.RELEASE.jar:5.2.4.RELEASE]
	at org.springframework.test.context.junit4.SpringJUnit4ClassRunner.runChild(SpringJUnit4ClassRunner.java:246) [spring-test-5.2.4.RELEASE.jar:5.2.4.RELEASE]
	at org.springframework.test.context.junit4.SpringJUnit4ClassRunner.runChild(SpringJUnit4ClassRunner.java:97) [spring-test-5.2.4.RELEASE.jar:5.2.4.RELEASE]
	at org.junit.runners.ParentRunner$3.run(ParentRunner.java:290) [junit-4.12.jar:4.12]
	at org.junit.runners.ParentRunner$1.schedule(ParentRunner.java:71) [junit-4.12.jar:4.12]
	at org.junit.runners.ParentRunner.runChildren(ParentRunner.java:288) [junit-4.12.jar:4.12]
	at org.junit.runners.ParentRunner.access$000(ParentRunner.java:58) [junit-4.12.jar:4.12]
	at org.junit.runners.ParentRunner$2.evaluate(ParentRunner.java:268) [junit-4.12.jar:4.12]
	at org.springframework.test.context.junit4.statements.RunBeforeTestClassCallbacks.evaluate(RunBeforeTestClassCallbacks.java:61) [spring-test-5.2.4.RELEASE.jar:5.2.4.RELEASE]
	at org.springframework.test.context.junit4.statements.RunAfterTestClassCallbacks.evaluate(RunAfterTestClassCallbacks.java:70) [spring-test-5.2.4.RELEASE.jar:5.2.4.RELEASE]
	at org.junit.runners.ParentRunner.run(ParentRunner.java:363) [junit-4.12.jar:4.12]
	at org.springframework.test.context.junit4.SpringJUnit4ClassRunner.run(SpringJUnit4ClassRunner.java:190) [spring-test-5.2.4.RELEASE.jar:5.2.4.RELEASE]
	at org.junit.runner.JUnitCore.run(JUnitCore.java:137) [junit-4.12.jar:4.12]
	at com.intellij.junit4.JUnit4IdeaTestRunner.startRunnerWithArgs(JUnit4IdeaTestRunner.java:68) [junit-rt.jar:na]
	at com.intellij.rt.execution.junit.IdeaTestRunner$Repeater.startRunnerWithArgs(IdeaTestRunner.java:47) [junit-rt.jar:na]
	at com.intellij.rt.execution.junit.JUnitStarter.prepareStreamsAndStart(JUnitStarter.java:242) [junit-rt.jar:na]
	at com.intellij.rt.execution.junit.JUnitStarter.main(JUnitStarter.java:70) [junit-rt.jar:na]
Caused by: org.springframework.boot.context.properties.bind.BindException: Failed to bind properties under 'logging.level' to java.util.Map<java.lang.String, org.springframework.boot.logging.LogLevel>
	at org.springframework.boot.context.properties.bind.Binder.handleBindError(Binder.java:364) ~[spring-boot-2.2.5.RELEASE.jar:2.2.5.RELEASE]
	at org.springframework.boot.context.properties.bind.Binder.bind(Binder.java:324) ~[spring-boot-2.2.5.RELEASE.jar:2.2.5.RELEASE]
	at org.springframework.boot.context.properties.bind.Binder.bind(Binder.java:308) ~[spring-boot-2.2.5.RELEASE.jar:2.2.5.RELEASE]
	at org.springframework.boot.context.properties.bind.Binder.bind(Binder.java:238) ~[spring-boot-2.2.5.RELEASE.jar:2.2.5.RELEASE]
	at org.springframework.boot.context.properties.bind.Binder.bind(Binder.java:212) ~[spring-boot-2.2.5.RELEASE.jar:2.2.5.RELEASE]
	at org.springframework.boot.context.logging.LoggingApplicationListener.setLogLevels(LoggingApplicationListener.java:398) ~[spring-boot-2.2.5.RELEASE.jar:2.2.5.RELEASE]
	at org.springframework.boot.context.logging.LoggingApplicationListener.initializeFinalLoggingLevels(LoggingApplicationListener.java:338) ~[spring-boot-2.2.5.RELEASE.jar:2.2.5.RELEASE]
	at org.springframework.boot.context.logging.LoggingApplicationListener.initialize(LoggingApplicationListener.java:289) ~[spring-boot-2.2.5.RELEASE.jar:2.2.5.RELEASE]
	at org.springframework.boot.context.logging.LoggingApplicationListener.onApplicationEnvironmentPreparedEvent(LoggingApplicationListener.java:246) ~[spring-boot-2.2.5.RELEASE.jar:2.2.5.RELEASE]
	at org.springframework.boot.context.logging.LoggingApplicationListener.onApplicationEvent(LoggingApplicationListener.java:223) ~[spring-boot-2.2.5.RELEASE.jar:2.2.5.RELEASE]
	at org.springframework.context.event.SimpleApplicationEventMulticaster.doInvokeListener(SimpleApplicationEventMulticaster.java:172) ~[spring-context-5.2.4.RELEASE.jar:5.2.4.RELEASE]
	at org.springframework.context.event.SimpleApplicationEventMulticaster.invokeListener(SimpleApplicationEventMulticaster.java:165) ~[spring-context-5.2.4.RELEASE.jar:5.2.4.RELEASE]
	at org.springframework.context.event.SimpleApplicationEventMulticaster.multicastEvent(SimpleApplicationEventMulticaster.java:139) ~[spring-context-5.2.4.RELEASE.jar:5.2.4.RELEASE]
	at org.springframework.context.event.SimpleApplicationEventMulticaster.multicastEvent(SimpleApplicationEventMulticaster.java:127) ~[spring-context-5.2.4.RELEASE.jar:5.2.4.RELEASE]
	at org.springframework.boot.context.event.EventPublishingRunListener.environmentPrepared(EventPublishingRunListener.java:76) ~[spring-boot-2.2.5.RELEASE.jar:2.2.5.RELEASE]
	at org.springframework.boot.SpringApplicationRunListeners.environmentPrepared(SpringApplicationRunListeners.java:53) ~[spring-boot-2.2.5.RELEASE.jar:2.2.5.RELEASE]
	at org.springframework.boot.SpringApplication.prepareEnvironment(SpringApplication.java:345) ~[spring-boot-2.2.5.RELEASE.jar:2.2.5.RELEASE]
	at org.springframework.boot.SpringApplication.run(SpringApplication.java:308) ~[spring-boot-2.2.5.RELEASE.jar:2.2.5.RELEASE]
	at org.springframework.boot.test.context.SpringBootContextLoader.loadContext(SpringBootContextLoader.java:126) ~[spring-boot-test-2.2.5.RELEASE.jar:2.2.5.RELEASE]
	at org.springframework.test.context.cache.DefaultCacheAwareContextLoaderDelegate.loadContextInternal(DefaultCacheAwareContextLoaderDelegate.java:99) ~[spring-test-5.2.4.RELEASE.jar:5.2.4.RELEASE]
	at org.springframework.test.context.cache.DefaultCacheAwareContextLoaderDelegate.loadContext(DefaultCacheAwareContextLoaderDelegate.java:124) ~[spring-test-5.2.4.RELEASE.jar:5.2.4.RELEASE]
	... 24 common frames omitted
Caused by: org.springframework.core.convert.ConverterNotFoundException: No converter found capable of converting from type [java.lang.String] to type [java.util.Map<java.lang.String, org.springframework.boot.logging.LogLevel>]
	at org.springframework.core.convert.support.GenericConversionService.handleConverterNotFound(GenericConversionService.java:321) ~[spring-core-5.2.4.RELEASE.jar:5.2.4.RELEASE]
	at org.springframework.core.convert.support.GenericConversionService.convert(GenericConversionService.java:194) ~[spring-core-5.2.4.RELEASE.jar:5.2.4.RELEASE]
	at org.springframework.boot.context.properties.bind.BindConverter$CompositeConversionService.convert(BindConverter.java:170) ~[spring-boot-2.2.5.RELEASE.jar:2.2.5.RELEASE]
	at org.springframework.boot.context.properties.bind.BindConverter.convert(BindConverter.java:96) ~[spring-boot-2.2.5.RELEASE.jar:2.2.5.RELEASE]
	at org.springframework.boot.context.properties.bind.BindConverter.convert(BindConverter.java:88) ~[spring-boot-2.2.5.RELEASE.jar:2.2.5.RELEASE]
	at org.springframework.boot.context.properties.bind.MapBinder.bindAggregate(MapBinder.java:64) ~[spring-boot-2.2.5.RELEASE.jar:2.2.5.RELEASE]
	at org.springframework.boot.context.properties.bind.AggregateBinder.bind(AggregateBinder.java:56) ~[spring-boot-2.2.5.RELEASE.jar:2.2.5.RELEASE]
	at org.springframework.boot.context.properties.bind.Binder.lambda$bindAggregate$3(Binder.java:415) ~[spring-boot-2.2.5.RELEASE.jar:2.2.5.RELEASE]
	at org.springframework.boot.context.properties.bind.Binder$Context.withIncreasedDepth(Binder.java:572) ~[spring-boot-2.2.5.RELEASE.jar:2.2.5.RELEASE]
	at org.springframework.boot.context.properties.bind.Binder$Context.access$100(Binder.java:513) ~[spring-boot-2.2.5.RELEASE.jar:2.2.5.RELEASE]
	at org.springframework.boot.context.properties.bind.Binder.bindAggregate(Binder.java:415) ~[spring-boot-2.2.5.RELEASE.jar:2.2.5.RELEASE]
	at org.springframework.boot.context.properties.bind.Binder.bindObject(Binder.java:376) ~[spring-boot-2.2.5.RELEASE.jar:2.2.5.RELEASE]
	at org.springframework.boot.context.properties.bind.Binder.bind(Binder.java:320) ~[spring-boot-2.2.5.RELEASE.jar:2.2.5.RELEASE]
	... 43 common frames omitted

2020-04-05 21:48:30.246  INFO 5074 --- [main] com.sipc.catalina.LogTest.LogTest        : Starting LogTest on bogon with PID 5074 (started by ming in /Volumes/disk3/天津理工大学/firstCourse)
2020-04-05 21:48:30.247 DEBUG 5074 --- [main] com.sipc.catalina.LogTest.LogTest        : Running with Spring Boot v2.2.5.RELEASE, Spring v5.2.4.RELEASE
2020-04-05 21:48:30.248  INFO 5074 --- [main] com.sipc.catalina.LogTest.LogTest        : No active profile set, falling back to default profiles: default
2020-04-05 21:48:31.923  INFO 5074 --- [main] .s.d.r.c.RepositoryConfigurationDelegate : Bootstrapping Spring Data JPA repositories in DEFAULT mode.
2020-04-05 21:48:32.126  INFO 5074 --- [main] .s.d.r.c.RepositoryConfigurationDelegate : Finished Spring Data repository scanning in 158ms. Found 1 JPA repository interfaces.
2020-04-05 21:48:33.838  INFO 5074 --- [main] o.hibernate.jpa.internal.util.LogHelper  : HHH000204: Processing PersistenceUnitInfo [name: default]
2020-04-05 21:48:34.078  INFO 5074 --- [main] org.hibernate.Version                    : HHH000412: Hibernate ORM core version 5.4.12.Final
2020-04-05 21:48:34.395  INFO 5074 --- [main] o.hibernate.annotations.common.Version   : HCANN000001: Hibernate Commons Annotations {5.1.0.Final}
2020-04-05 21:48:34.674  INFO 5074 --- [main] com.zaxxer.hikari.HikariDataSource       : HikariPool-1 - Starting...
2020-04-05 21:48:35.389  INFO 5074 --- [main] com.zaxxer.hikari.HikariDataSource       : HikariPool-1 - Start completed.
2020-04-05 21:48:35.434  INFO 5074 --- [main] org.hibernate.dialect.Dialect            : HHH000400: Using dialect: org.hibernate.dialect.MySQL57Dialect
2020-04-05 21:48:37.367  INFO 5074 --- [main] o.h.e.t.j.p.i.JtaPlatformInitiator       : HHH000490: Using JtaPlatform implementation: [org.hibernate.engine.transaction.jta.platform.internal.NoJtaPlatform]
2020-04-05 21:48:37.378  INFO 5074 --- [main] j.LocalContainerEntityManagerFactoryBean : Initialized JPA EntityManagerFactory for persistence unit 'default'
2020-04-05 21:48:39.167  WARN 5074 --- [main] JpaBaseConfiguration$JpaWebConfiguration : spring.jpa.open-in-view is enabled by default. Therefore, database queries may be performed during view rendering. Explicitly configure spring.jpa.open-in-view to disable this warning
2020-04-05 21:48:39.806  INFO 5074 --- [main] o.s.s.concurrent.ThreadPoolTaskExecutor  : Initializing ExecutorService 'applicationTaskExecutor'
2020-04-05 21:48:40.282  INFO 5074 --- [main] o.s.b.a.w.s.WelcomePageHandlerMapping    : Adding welcome page template: index
2020-04-05 21:48:41.043  INFO 5074 --- [main] com.sipc.catalina.LogTest.LogTest        : Started LogTest in 11.997 seconds (JVM running for 15.052)
2020-04-05 21:48:41.349  INFO 5074 --- [main] com.sipc.catalina.LogTest.LogTest        : 用户名:admin,密码:987654
2020-04-05 21:48:41.354 DEBUG 5074 --- [main] com.sipc.catalina.LogTest.LogTest        : 用户名:admin密码:987654
2020-04-05 21:48:41.355 ERROR 5074 --- [main] com.sipc.catalina.LogTest.LogTest        : 用户名:admin ,密码:987654 
2020-04-05 21:48:41.397  INFO 5074 --- [SpringContextShutdownHook] o.s.s.concurrent.ThreadPoolTaskExecutor  : Shutting down ExecutorService 'applicationTaskExecutor'
2020-04-05 21:48:41.398  INFO 5074 --- [SpringContextShutdownHook] j.LocalContainerEntityManagerFactoryBean : Closing JPA EntityManagerFactory for persistence unit 'default'
2020-04-05 21:48:41.410  INFO 5074 --- [SpringContextShutdownHook] com.zaxxer.hikari.HikariDataSource       : HikariPool-1 - Shutdown initiated...
2020-04-05 21:48:41.434  INFO 5074 --- [SpringContextShutdownHook] com.zaxxer.hikari.HikariDataSource       : HikariPool-1 - Shutdown completed.
2020-04-05 21:50:17.367  INFO 5078 --- [main] com.sipc.catalina.LogTest.LogTest        : Starting LogTest on bogon with PID 5078 (started by ming in /Volumes/disk3/天津理工大学/firstCourse)
2020-04-05 21:50:17.374 DEBUG 5078 --- [main] com.sipc.catalina.LogTest.LogTest        : Running with Spring Boot v2.2.5.RELEASE, Spring v5.2.4.RELEASE
2020-04-05 21:50:17.377  INFO 5078 --- [main] com.sipc.catalina.LogTest.LogTest        : No active profile set, falling back to default profiles: default
2020-04-05 21:50:19.194  INFO 5078 --- [main] .s.d.r.c.RepositoryConfigurationDelegate : Bootstrapping Spring Data JPA repositories in DEFAULT mode.
2020-04-05 21:50:19.337  INFO 5078 --- [main] .s.d.r.c.RepositoryConfigurationDelegate : Finished Spring Data repository scanning in 130ms. Found 1 JPA repository interfaces.
2020-04-05 21:50:21.023  INFO 5078 --- [main] o.hibernate.jpa.internal.util.LogHelper  : HHH000204: Processing PersistenceUnitInfo [name: default]
2020-04-05 21:50:21.295  INFO 5078 --- [main] org.hibernate.Version                    : HHH000412: Hibernate ORM core version 5.4.12.Final
2020-04-05 21:50:21.576  INFO 5078 --- [main] o.hibernate.annotations.common.Version   : HCANN000001: Hibernate Commons Annotations {5.1.0.Final}
2020-04-05 21:50:21.852  INFO 5078 --- [main] com.zaxxer.hikari.HikariDataSource       : HikariPool-1 - Starting...
2020-04-05 21:50:22.573  INFO 5078 --- [main] com.zaxxer.hikari.HikariDataSource       : HikariPool-1 - Start completed.
2020-04-05 21:50:22.623  INFO 5078 --- [main] org.hibernate.dialect.Dialect            : HHH000400: Using dialect: org.hibernate.dialect.MySQL57Dialect
2020-04-05 21:50:24.399  INFO 5078 --- [main] o.h.e.t.j.p.i.JtaPlatformInitiator       : HHH000490: Using JtaPlatform implementation: [org.hibernate.engine.transaction.jta.platform.internal.NoJtaPlatform]
2020-04-05 21:50:24.409  INFO 5078 --- [main] j.LocalContainerEntityManagerFactoryBean : Initialized JPA EntityManagerFactory for persistence unit 'default'
2020-04-05 21:50:26.065  WARN 5078 --- [main] JpaBaseConfiguration$JpaWebConfiguration : spring.jpa.open-in-view is enabled by default. Therefore, database queries may be performed during view rendering. Explicitly configure spring.jpa.open-in-view to disable this warning
2020-04-05 21:50:26.809  INFO 5078 --- [main] o.s.s.concurrent.ThreadPoolTaskExecutor  : Initializing ExecutorService 'applicationTaskExecutor'
2020-04-05 21:50:27.317  INFO 5078 --- [main] o.s.b.a.w.s.WelcomePageHandlerMapping    : Adding welcome page template: index
2020-04-05 21:50:28.310  INFO 5078 --- [main] com.sipc.catalina.LogTest.LogTest        : Started LogTest in 12.273 seconds (JVM running for 15.406)
2020-04-05 21:50:28.538  INFO 5078 --- [main] com.sipc.catalina.LogTest.LogTest        : info: 用户名:admin,密码:987654
2020-04-05 21:50:28.543 DEBUG 5078 --- [main] com.sipc.catalina.LogTest.LogTest        : debug: 用户名:admin,密码:987654
2020-04-05 21:50:28.546 ERROR 5078 --- [main] com.sipc.catalina.LogTest.LogTest        : error: 用户名:admin,密码:987654 
2020-04-05 21:50:28.618  INFO 5078 --- [SpringContextShutdownHook] o.s.s.concurrent.ThreadPoolTaskExecutor  : Shutting down ExecutorService 'applicationTaskExecutor'
2020-04-05 21:50:28.620  INFO 5078 --- [SpringContextShutdownHook] j.LocalContainerEntityManagerFactoryBean : Closing JPA EntityManagerFactory for persistence unit 'default'
2020-04-05 21:50:28.627  INFO 5078 --- [SpringContextShutdownHook] com.zaxxer.hikari.HikariDataSource       : HikariPool-1 - Shutdown initiated...
2020-04-05 21:50:28.638  INFO 5078 --- [SpringContextShutdownHook] com.zaxxer.hikari.HikariDataSource       : HikariPool-1 - Shutdown completed.
2020-04-05 22:07:09,427 - Starting CatalinaApplication on bogon with PID 5131 (started by ming in /Volumes/disk3/天津理工大学/firstCourse)
2020-04-05 22:07:09,433 - No active profile set, falling back to default profiles: default
2020-04-05 22:07:11,384 - Bootstrapping Spring Data JPA repositories in DEFAULT mode.
2020-04-05 22:07:11,584 - Finished Spring Data repository scanning in 184ms. Found 2 JPA repository interfaces.
2020-04-05 22:07:12,609 - Tomcat initialized with port(s): 8081 (http)
2020-04-05 22:07:12,623 - Starting service [Tomcat]
2020-04-05 22:07:12,626 - Starting Servlet engine: [Apache Tomcat/9.0.31]
2020-04-05 22:07:13,280 - Initializing Spring embedded WebApplicationContext
2020-04-05 22:07:13,280 - Root WebApplicationContext: initialization completed in 3712 ms
2020-04-05 22:07:13,670 - HHH000204: Processing PersistenceUnitInfo [name: default]
2020-04-05 22:07:13,983 - HHH000412: Hibernate ORM core version 5.4.12.Final
2020-04-05 22:07:14,688 - HCANN000001: Hibernate Commons Annotations {5.1.0.Final}
2020-04-05 22:07:14,939 - HikariPool-1 - Starting...
2020-04-05 22:07:15,598 - HikariPool-1 - Start completed.
2020-04-05 22:07:15,612 - HHH000400: Using dialect: org.hibernate.dialect.MySQL57Dialect
2020-04-05 22:07:16,658 - HHH000490: Using JtaPlatform implementation: [org.hibernate.engine.transaction.jta.platform.internal.NoJtaPlatform]
2020-04-05 22:07:16,686 - Initialized JPA EntityManagerFactory for persistence unit 'default'
2020-04-05 22:07:17,687 - spring.jpa.open-in-view is enabled by default. Therefore, database queries may be performed during view rendering. Explicitly configure spring.jpa.open-in-view to disable this warning
2020-04-05 22:07:18,618 - Initializing ExecutorService 'applicationTaskExecutor'
2020-04-05 22:07:19,101 - Adding welcome page template: index
2020-04-05 22:07:19,948 - Tomcat started on port(s): 8081 (http) with context path '/515code'
2020-04-05 22:07:19,967 - Started CatalinaApplication in 11.573 seconds (JVM running for 13.043)
2020-04-05 22:08:29,834 - Initializing Spring DispatcherServlet 'dispatcherServlet'
2020-04-05 22:08:29,835 - Initializing Servlet 'dispatcherServlet'
2020-04-05 22:08:29,851 - Completed initialization in 14 ms
2020-04-05 22:08:48,492 - Shutting down ExecutorService 'applicationTaskExecutor'
2020-04-05 22:08:48,493 - Closing JPA EntityManagerFactory for persistence unit 'default'
2020-04-05 22:08:48,501 - HikariPool-1 - Shutdown initiated...
2020-04-05 22:08:48,511 - HikariPool-1 - Shutdown completed.
2020-04-05 22:09:38,264 - Starting CatalinaApplication on bogon with PID 5150 (started by ming in /Volumes/disk3/天津理工大学/firstCourse)
2020-04-05 22:09:38,284 - No active profile set, falling back to default profiles: default
2020-04-05 22:09:40,060 - Bootstrapping Spring Data JPA repositories in DEFAULT mode.
2020-04-05 22:09:40,271 - Finished Spring Data repository scanning in 160ms. Found 2 JPA repository interfaces.
2020-04-05 22:09:41,190 - Tomcat initialized with port(s): 8081 (http)
2020-04-05 22:09:41,210 - Starting service [Tomcat]
2020-04-05 22:09:41,210 - Starting Servlet engine: [Apache Tomcat/9.0.31]
2020-04-05 22:09:41,612 - Initializing Spring embedded WebApplicationContext
2020-04-05 22:09:41,612 - Root WebApplicationContext: initialization completed in 3186 ms
2020-04-05 22:09:41,890 - HHH000204: Processing PersistenceUnitInfo [name: default]
2020-04-05 22:09:41,960 - HHH000412: Hibernate ORM core version 5.4.12.Final
2020-04-05 22:09:42,202 - HCANN000001: Hibernate Commons Annotations {5.1.0.Final}
2020-04-05 22:09:42,301 - HikariPool-1 - Starting...
2020-04-05 22:09:42,642 - HikariPool-1 - Start completed.
2020-04-05 22:09:42,675 - HHH000400: Using dialect: org.hibernate.dialect.MySQL57Dialect
2020-04-05 22:09:43,447 - HHH000490: Using JtaPlatform implementation: [org.hibernate.engine.transaction.jta.platform.internal.NoJtaPlatform]
2020-04-05 22:09:43,464 - Initialized JPA EntityManagerFactory for persistence unit 'default'
2020-04-05 22:09:43,951 - spring.jpa.open-in-view is enabled by default. Therefore, database queries may be performed during view rendering. Explicitly configure spring.jpa.open-in-view to disable this warning
2020-04-05 22:09:44,322 - Initializing ExecutorService 'applicationTaskExecutor'
2020-04-05 22:09:44,384 - Adding welcome page template: index
2020-04-05 22:09:44,612 - Tomcat started on port(s): 8081 (http) with context path '/515code'
2020-04-05 22:09:44,614 - Started CatalinaApplication in 7.643 seconds (JVM running for 9.52)
2020-04-05 22:12:34,070 - Shutting down ExecutorService 'applicationTaskExecutor'
2020-04-05 22:12:34,071 - Closing JPA EntityManagerFactory for persistence unit 'default'
2020-04-05 22:12:34,078 - HikariPool-1 - Shutdown initiated...
2020-04-05 22:12:34,099 - HikariPool-1 - Shutdown completed.
2020-04-05 22:14:16,513 - Starting CatalinaApplication on bogon with PID 5165 (started by ming in /Volumes/disk3/天津理工大学/firstCourse)
2020-04-05 22:14:16,516 - No active profile set, falling back to default profiles: default
2020-04-05 22:14:18,529 - Bootstrapping Spring Data JPA repositories in DEFAULT mode.
2020-04-05 22:14:18,796 - Finished Spring Data repository scanning in 257ms. Found 2 JPA repository interfaces.
2020-04-05 22:14:19,880 - Tomcat initialized with port(s): 8081 (http)
2020-04-05 22:14:19,900 - Starting service [Tomcat]
2020-04-05 22:14:19,900 - Starting Servlet engine: [Apache Tomcat/9.0.31]
2020-04-05 22:14:20,523 - Initializing Spring embedded WebApplicationContext
2020-04-05 22:14:20,523 - Root WebApplicationContext: initialization completed in 3788 ms
2020-04-05 22:14:20,717 - HikariPool-1 - Starting...
2020-04-05 22:14:22,444 - HikariPool-1 - Start completed.
2020-04-05 22:14:22,514 - HHH000204: Processing PersistenceUnitInfo [name: default]
2020-04-05 22:14:22,681 - HHH000412: Hibernate ORM core version 5.4.12.Final
2020-04-05 22:14:23,015 - HCANN000001: Hibernate Commons Annotations {5.1.0.Final}
2020-04-05 22:14:23,411 - HHH000400: Using dialect: org.hibernate.dialect.MySQL57Dialect
2020-04-05 22:14:24,283 - HHH000490: Using JtaPlatform implementation: [org.hibernate.engine.transaction.jta.platform.internal.NoJtaPlatform]
2020-04-05 22:14:24,296 - Initialized JPA EntityManagerFactory for persistence unit 'default'
2020-04-05 22:14:24,769 - spring.jpa.open-in-view is enabled by default. Therefore, database queries may be performed during view rendering. Explicitly configure spring.jpa.open-in-view to disable this warning
2020-04-05 22:14:24,946 - Initializing ExecutorService 'applicationTaskExecutor'
2020-04-05 22:14:25,121 - Adding welcome page template: index
2020-04-05 22:14:25,535 - Tomcat started on port(s): 8081 (http) with context path '/515code'
2020-04-05 22:14:25,538 - Started CatalinaApplication in 9.726 seconds (JVM running for 11.507)
2020-04-05 22:14:30,221 - Initializing Spring DispatcherServlet 'dispatcherServlet'
2020-04-05 22:14:30,221 - Initializing Servlet 'dispatcherServlet'
2020-04-05 22:14:30,326 - Completed initialization in 105 ms
2020-04-05 22:14:31,646 - SQL Error: 1054, SQLState: 42S22
2020-04-05 22:14:31,649 - Unknown column 'comment0_.comment_id' in 'field list'
2020-04-05 22:14:31,776 - Servlet.service() for servlet [dispatcherServlet] in context with path [/515code] threw exception [Request processing failed; nested exception is org.springframework.dao.InvalidDataAccessResourceUsageException: could not extract ResultSet; SQL [n/a]; nested exception is org.hibernate.exception.SQLGrammarException: could not extract ResultSet] with root cause
java.sql.SQLSyntaxErrorException: Unknown column 'comment0_.comment_id' in 'field list'
	at com.mysql.cj.jdbc.exceptions.SQLError.createSQLException(SQLError.java:120)
	at com.mysql.cj.jdbc.exceptions.SQLError.createSQLException(SQLError.java:97)
	at com.mysql.cj.jdbc.exceptions.SQLExceptionsMapping.translateException(SQLExceptionsMapping.java:122)
	at com.mysql.cj.jdbc.ClientPreparedStatement.executeInternal(ClientPreparedStatement.java:953)
	at com.mysql.cj.jdbc.ClientPreparedStatement.executeQuery(ClientPreparedStatement.java:1003)
	at com.zaxxer.hikari.pool.ProxyPreparedStatement.executeQuery(ProxyPreparedStatement.java:52)
	at com.zaxxer.hikari.pool.HikariProxyPreparedStatement.executeQuery(HikariProxyPreparedStatement.java)
	at org.hibernate.engine.jdbc.internal.ResultSetReturnImpl.extract(ResultSetReturnImpl.java:57)
	at org.hibernate.loader.Loader.getResultSet(Loader.java:2292)
	at org.hibernate.loader.Loader.executeQueryStatement(Loader.java:2050)
	at org.hibernate.loader.Loader.executeQueryStatement(Loader.java:2012)
	at org.hibernate.loader.Loader.doQuery(Loader.java:953)
	at org.hibernate.loader.Loader.doQueryAndInitializeNonLazyCollections(Loader.java:354)
	at org.hibernate.loader.Loader.doList(Loader.java:2838)
	at org.hibernate.loader.Loader.doList(Loader.java:2820)
	at org.hibernate.loader.Loader.listIgnoreQueryCache(Loader.java:2652)
	at org.hibernate.loader.Loader.list(Loader.java:2647)
	at org.hibernate.loader.hql.QueryLoader.list(QueryLoader.java:506)
	at org.hibernate.hql.internal.ast.QueryTranslatorImpl.list(QueryTranslatorImpl.java:396)
	at org.hibernate.engine.query.spi.HQLQueryPlan.performList(HQLQueryPlan.java:219)
	at org.hibernate.internal.SessionImpl.list(SessionImpl.java:1404)
	at org.hibernate.query.internal.AbstractProducedQuery.doList(AbstractProducedQuery.java:1562)
	at org.hibernate.query.internal.AbstractProducedQuery.list(AbstractProducedQuery.java:1530)
	at org.hibernate.query.Query.getResultList(Query.java:165)
	at org.hibernate.query.criteria.internal.compile.CriteriaQueryTypeQueryAdapter.getResultList(CriteriaQueryTypeQueryAdapter.java:76)
	at org.springframework.data.jpa.repository.support.SimpleJpaRepository.findAll(SimpleJpaRepository.java:355)
	at org.springframework.data.jpa.repository.support.SimpleJpaRepository.findAll(SimpleJpaRepository.java:78)
	at sun.reflect.NativeMethodAccessorImpl.invoke0(Native Method)
	at sun.reflect.NativeMethodAccessorImpl.invoke(NativeMethodAccessorImpl.java:62)
	at sun.reflect.DelegatingMethodAccessorImpl.invoke(DelegatingMethodAccessorImpl.java:43)
	at java.lang.reflect.Method.invoke(Method.java:498)
	at org.springframework.data.repository.core.support.RepositoryComposition$RepositoryFragments.invoke(RepositoryComposition.java:371)
	at org.springframework.data.repository.core.support.RepositoryComposition.invoke(RepositoryComposition.java:204)
	at org.springframework.data.repository.core.support.RepositoryFactorySupport$ImplementationMethodExecutionInterceptor.invoke(RepositoryFactorySupport.java:657)
	at org.springframework.aop.framework.ReflectiveMethodInvocation.proceed(ReflectiveMethodInvocation.java:186)
	at org.springframework.data.repository.core.support.RepositoryFactorySupport$QueryExecutorMethodInterceptor.doInvoke(RepositoryFactorySupport.java:621)
	at org.springframework.data.repository.core.support.RepositoryFactorySupport$QueryExecutorMethodInterceptor.invoke(RepositoryFactorySupport.java:605)
	at org.springframework.aop.framework.ReflectiveMethodInvocation.proceed(ReflectiveMethodInvocation.java:186)
	at org.springframework.data.projection.DefaultMethodInvokingMethodInterceptor.invoke(DefaultMethodInvokingMethodInterceptor.java:80)
	at org.springframework.aop.framework.ReflectiveMethodInvocation.proceed(ReflectiveMethodInvocation.java:186)
	at org.springframework.transaction.interceptor.TransactionAspectSupport.invokeWithinTransaction(TransactionAspectSupport.java:366)
	at org.springframework.transaction.interceptor.TransactionInterceptor.invoke(TransactionInterceptor.java:99)
	at org.springframework.aop.framework.ReflectiveMethodInvocation.proceed(ReflectiveMethodInvocation.java:186)
	at org.springframework.dao.support.PersistenceExceptionTranslationInterceptor.invoke(PersistenceExceptionTranslationInterceptor.java:139)
	at org.springframework.aop.framework.ReflectiveMethodInvocation.proceed(ReflectiveMethodInvocation.java:186)
	at org.springframework.data.jpa.repository.support.CrudMethodMetadataPostProcessor$CrudMethodMetadataPopulatingMethodInterceptor.invoke(CrudMethodMetadataPostProcessor.java:178)
	at org.springframework.aop.framework.ReflectiveMethodInvocation.proceed(ReflectiveMethodInvocation.java:186)
	at org.springframework.aop.interceptor.ExposeInvocationInterceptor.invoke(ExposeInvocationInterceptor.java:95)
	at org.springframework.aop.framework.ReflectiveMethodInvocation.proceed(ReflectiveMethodInvocation.java:186)
	at org.springframework.aop.framework.JdkDynamicAopProxy.invoke(JdkDynamicAopProxy.java:212)
	at com.sun.proxy.$Proxy100.findAll(Unknown Source)
	at com.sipc.catalina.controller.CommentController.getAll(CommentController.java:19)
	at sun.reflect.NativeMethodAccessorImpl.invoke0(Native Method)
	at sun.reflect.NativeMethodAccessorImpl.invoke(NativeMethodAccessorImpl.java:62)
	at sun.reflect.DelegatingMethodAccessorImpl.invoke(DelegatingMethodAccessorImpl.java:43)
	at java.lang.reflect.Method.invoke(Method.java:498)
	at org.springframework.web.method.support.InvocableHandlerMethod.doInvoke(InvocableHandlerMethod.java:190)
	at org.springframework.web.method.support.InvocableHandlerMethod.invokeForRequest(InvocableHandlerMethod.java:138)
	at org.springframework.web.servlet.mvc.method.annotation.ServletInvocableHandlerMethod.invokeAndHandle(ServletInvocableHandlerMethod.java:106)
	at org.springframework.web.servlet.mvc.method.annotation.RequestMappingHandlerAdapter.invokeHandlerMethod(RequestMappingHandlerAdapter.java:879)
	at org.springframework.web.servlet.mvc.method.annotation.RequestMappingHandlerAdapter.handleInternal(RequestMappingHandlerAdapter.java:793)
	at org.springframework.web.servlet.mvc.method.AbstractHandlerMethodAdapter.handle(AbstractHandlerMethodAdapter.java:87)
	at org.springframework.web.servlet.DispatcherServlet.doDispatch(DispatcherServlet.java:1040)
	at org.springframework.web.servlet.DispatcherServlet.doService(DispatcherServlet.java:943)
	at org.springframework.web.servlet.FrameworkServlet.processRequest(FrameworkServlet.java:1006)
	at org.springframework.web.servlet.FrameworkServlet.doGet(FrameworkServlet.java:898)
	at javax.servlet.http.HttpServlet.service(HttpServlet.java:634)
	at org.springframework.web.servlet.FrameworkServlet.service(FrameworkServlet.java:883)
	at javax.servlet.http.HttpServlet.service(HttpServlet.java:741)
	at org.apache.catalina.core.ApplicationFilterChain.internalDoFilter(ApplicationFilterChain.java:231)
	at org.apache.catalina.core.ApplicationFilterChain.doFilter(ApplicationFilterChain.java:166)
	at org.apache.tomcat.websocket.server.WsFilter.doFilter(WsFilter.java:53)
	at org.apache.catalina.core.ApplicationFilterChain.internalDoFilter(ApplicationFilterChain.java:193)
	at org.apache.catalina.core.ApplicationFilterChain.doFilter(ApplicationFilterChain.java:166)
	at org.springframework.web.filter.RequestContextFilter.doFilterInternal(RequestContextFilter.java:100)
	at org.springframework.web.filter.OncePerRequestFilter.doFilter(OncePerRequestFilter.java:119)
	at org.apache.catalina.core.ApplicationFilterChain.internalDoFilter(ApplicationFilterChain.java:193)
	at org.apache.catalina.core.ApplicationFilterChain.doFilter(ApplicationFilterChain.java:166)
	at org.springframework.web.filter.FormContentFilter.doFilterInternal(FormContentFilter.java:93)
	at org.springframework.web.filter.OncePerRequestFilter.doFilter(OncePerRequestFilter.java:119)
	at org.apache.catalina.core.ApplicationFilterChain.internalDoFilter(ApplicationFilterChain.java:193)
	at org.apache.catalina.core.ApplicationFilterChain.doFilter(ApplicationFilterChain.java:166)
	at org.springframework.web.filter.CharacterEncodingFilter.doFilterInternal(CharacterEncodingFilter.java:201)
	at org.springframework.web.filter.OncePerRequestFilter.doFilter(OncePerRequestFilter.java:119)
	at org.apache.catalina.core.ApplicationFilterChain.internalDoFilter(ApplicationFilterChain.java:193)
	at org.apache.catalina.core.ApplicationFilterChain.doFilter(ApplicationFilterChain.java:166)
	at org.apache.catalina.core.StandardWrapperValve.invoke(StandardWrapperValve.java:202)
	at org.apache.catalina.core.StandardContextValve.invoke(StandardContextValve.java:96)
	at org.apache.catalina.authenticator.AuthenticatorBase.invoke(AuthenticatorBase.java:541)
	at org.apache.catalina.core.StandardHostValve.invoke(StandardHostValve.java:139)
	at org.apache.catalina.valves.ErrorReportValve.invoke(ErrorReportValve.java:92)
	at org.apache.catalina.core.StandardEngineValve.invoke(StandardEngineValve.java:74)
	at org.apache.catalina.connector.CoyoteAdapter.service(CoyoteAdapter.java:343)
	at org.apache.coyote.http11.Http11Processor.service(Http11Processor.java:367)
	at org.apache.coyote.AbstractProcessorLight.process(AbstractProcessorLight.java:65)
	at org.apache.coyote.AbstractProtocol$ConnectionHandler.process(AbstractProtocol.java:868)
	at org.apache.tomcat.util.net.NioEndpoint$SocketProcessor.doRun(NioEndpoint.java:1639)
	at org.apache.tomcat.util.net.SocketProcessorBase.run(SocketProcessorBase.java:49)
	at java.util.concurrent.ThreadPoolExecutor.runWorker(ThreadPoolExecutor.java:1149)
	at java.util.concurrent.ThreadPoolExecutor$Worker.run(ThreadPoolExecutor.java:624)
	at org.apache.tomcat.util.threads.TaskThread$WrappingRunnable.run(TaskThread.java:61)
	at java.lang.Thread.run(Thread.java:748)
2020-04-05 22:15:23,056 - Shutting down ExecutorService 'applicationTaskExecutor'
2020-04-05 22:15:23,057 - Closing JPA EntityManagerFactory for persistence unit 'default'
2020-04-05 22:15:23,063 - HikariPool-1 - Shutdown initiated...
2020-04-05 22:15:23,079 - HikariPool-1 - Shutdown completed.
2020-04-05 22:15:33,343 - Starting CatalinaApplication on bogon with PID 5170 (started by ming in /Volumes/disk3/天津理工大学/firstCourse)
2020-04-05 22:15:33,347 - No active profile set, falling back to default profiles: default
2020-04-05 22:15:34,234 - Bootstrapping Spring Data JPA repositories in DEFAULT mode.
2020-04-05 22:15:34,346 - Finished Spring Data repository scanning in 103ms. Found 2 JPA repository interfaces.
2020-04-05 22:15:35,201 - Tomcat initialized with port(s): 8081 (http)
2020-04-05 22:15:35,212 - Starting service [Tomcat]
2020-04-05 22:15:35,212 - Starting Servlet engine: [Apache Tomcat/9.0.31]
2020-04-05 22:15:35,617 - Initializing Spring embedded WebApplicationContext
2020-04-05 22:15:35,618 - Root WebApplicationContext: initialization completed in 2174 ms
2020-04-05 22:15:35,956 - HikariPool-1 - Starting...
2020-04-05 22:15:36,691 - HikariPool-1 - Start completed.
2020-04-05 22:15:36,751 - HHH000204: Processing PersistenceUnitInfo [name: default]
2020-04-05 22:15:36,818 - HHH000412: Hibernate ORM core version 5.4.12.Final
2020-04-05 22:15:37,088 - HCANN000001: Hibernate Commons Annotations {5.1.0.Final}
2020-04-05 22:15:37,197 - HHH000400: Using dialect: org.hibernate.dialect.MySQL57Dialect
2020-04-05 22:15:38,181 - HHH000490: Using JtaPlatform implementation: [org.hibernate.engine.transaction.jta.platform.internal.NoJtaPlatform]
2020-04-05 22:15:38,191 - Initialized JPA EntityManagerFactory for persistence unit 'default'
2020-04-05 22:15:38,720 - spring.jpa.open-in-view is enabled by default. Therefore, database queries may be performed during view rendering. Explicitly configure spring.jpa.open-in-view to disable this warning
2020-04-05 22:15:38,864 - Initializing ExecutorService 'applicationTaskExecutor'
2020-04-05 22:15:38,976 - Adding welcome page template: index
2020-04-05 22:15:39,395 - Tomcat started on port(s): 8081 (http) with context path '/515code'
2020-04-05 22:15:39,410 - Started CatalinaApplication in 7.024 seconds (JVM running for 8.567)
2020-04-05 22:15:53,746 - Initializing Spring DispatcherServlet 'dispatcherServlet'
2020-04-05 22:15:53,749 - Initializing Servlet 'dispatcherServlet'
2020-04-05 22:15:53,875 - Completed initialization in 125 ms
2020-04-05 22:21:45,204 - Shutting down ExecutorService 'applicationTaskExecutor'
2020-04-05 22:21:45,205 - Closing JPA EntityManagerFactory for persistence unit 'default'
2020-04-05 22:21:45,208 - HikariPool-1 - Shutdown initiated...
2020-04-05 22:21:45,226 - HikariPool-1 - Shutdown completed.
2020-04-05 22:21:56,210 - Starting CatalinaApplication on bogon with PID 5196 (started by ming in /Volumes/disk3/天津理工大学/firstCourse)
2020-04-05 22:21:56,214 - No active profile set, falling back to default profiles: default
2020-04-05 22:21:57,133 - Bootstrapping Spring Data JPA repositories in DEFAULT mode.
2020-04-05 22:21:57,208 - Finished Spring Data repository scanning in 67ms. Found 2 JPA repository interfaces.
2020-04-05 22:21:58,114 - Tomcat initialized with port(s): 8081 (http)
2020-04-05 22:21:58,125 - Starting service [Tomcat]
2020-04-05 22:21:58,126 - Starting Servlet engine: [Apache Tomcat/9.0.31]
2020-04-05 22:21:58,538 - Initializing Spring embedded WebApplicationContext
2020-04-05 22:21:58,538 - Root WebApplicationContext: initialization completed in 2235 ms
2020-04-05 22:21:58,656 - HikariPool-1 - Starting...
2020-04-05 22:21:59,090 - HikariPool-1 - Start completed.
2020-04-05 22:21:59,176 - HHH000204: Processing PersistenceUnitInfo [name: default]
2020-04-05 22:21:59,408 - HHH000412: Hibernate ORM core version 5.4.12.Final
2020-04-05 22:21:59,714 - HCANN000001: Hibernate Commons Annotations {5.1.0.Final}
2020-04-05 22:21:59,831 - HHH000400: Using dialect: org.hibernate.dialect.MySQL57Dialect
2020-04-05 22:22:00,484 - HHH000490: Using JtaPlatform implementation: [org.hibernate.engine.transaction.jta.platform.internal.NoJtaPlatform]
2020-04-05 22:22:00,496 - Initialized JPA EntityManagerFactory for persistence unit 'default'
2020-04-05 22:22:01,033 - spring.jpa.open-in-view is enabled by default. Therefore, database queries may be performed during view rendering. Explicitly configure spring.jpa.open-in-view to disable this warning
2020-04-05 22:22:01,194 - Initializing ExecutorService 'applicationTaskExecutor'
2020-04-05 22:22:01,267 - Adding welcome page template: index
2020-04-05 22:22:01,540 - Tomcat started on port(s): 8081 (http) with context path '/515code'
2020-04-05 22:22:01,542 - Started CatalinaApplication in 6.019 seconds (JVM running for 7.563)
2020-04-05 22:22:49,373 - Initializing Spring DispatcherServlet 'dispatcherServlet'
2020-04-05 22:22:49,375 - Initializing Servlet 'dispatcherServlet'
2020-04-05 22:22:49,419 - Completed initialization in 36 ms
2020-04-05 22:31:11,122 - Shutting down ExecutorService 'applicationTaskExecutor'
2020-04-05 22:31:11,123 - Closing JPA EntityManagerFactory for persistence unit 'default'
2020-04-05 22:31:11,125 - HikariPool-1 - Shutdown initiated...
2020-04-05 22:31:11,132 - HikariPool-1 - Shutdown completed.
